<?xml version="1.0" encoding="UTF-8"?>
<!-- Generated by org.testng.reporters.JUnitXMLReporter -->
<testsuite hostname="Chukur" ignored="0" name="All Functionalities" tests="5" failures="0" timestamp="31 Jan 2023 20:46:49 GMT" time="41.773" errors="0">
  <testcase name="validateMainMenuItems" time="0.306" classname="test.HomePageTest"/>
  <testcase name="validateNavigationItems" time="0.203" classname="test.HomePageTest"/>
  <testcase name="validateRadioButtons" time="0.435" classname="test.HomePageTest"/>
  <testcase name="validateCheckboxes" time="0.794" classname="test.HomePageTest"/>
  <testcase name="validateOneWayTicketResults" time="6.285" classname="test.HomePageTest"/>
</testsuite> <!-- All Functionalities -->
