<?xml version="1.0" encoding="UTF-8"?>
<testng-results skipped="0" failed="0" ignored="0" total="5" passed="5">
  <reporter-output>
  </reporter-output>
  <suite name="Regression" duration-ms="41773" started-at="2023-01-31T20:46:08Z" finished-at="2023-01-31T20:46:49Z">
    <groups>
    </groups>
    <test name="All Functionalities" duration-ms="41773" started-at="2023-01-31T20:46:08Z" finished-at="2023-01-31T20:46:49Z">
      <class name="test.HomePageTest">
        <test-method status="PASS" signature="setup()[pri:0, instance:test.HomePageTest@edf4efb]" name="setup" is-config="true" duration-ms="6987" started-at="2023-01-31T20:46:08Z" finished-at="2023-01-31T20:46:15Z">
          <reporter-output>
          </reporter-output>
        </test-method> <!-- setup -->
        <test-method status="PASS" signature="setPage()[pri:0, instance:test.HomePageTest@edf4efb]" name="setPage" is-config="true" duration-ms="8" started-at="2023-01-31T20:46:15Z" finished-at="2023-01-31T20:46:15Z">
          <reporter-output>
          </reporter-output>
        </test-method> <!-- setPage -->
        <test-method status="PASS" signature="validateMainMenuItems()[pri:1, instance:test.HomePageTest@edf4efb]" name="validateMainMenuItems" duration-ms="306" started-at="2023-01-31T20:46:15Z" description="Validate &#039;Main menu&#039; navigation items" finished-at="2023-01-31T20:46:15Z">
          <reporter-output>
          </reporter-output>
        </test-method> <!-- validateMainMenuItems -->
        <test-method status="PASS" signature="teardown()[pri:0, instance:test.HomePageTest@edf4efb]" name="teardown" is-config="true" duration-ms="782" started-at="2023-01-31T20:46:15Z" finished-at="2023-01-31T20:46:16Z">
          <reporter-output>
          </reporter-output>
        </test-method> <!-- teardown -->
        <test-method status="PASS" signature="setup()[pri:0, instance:test.HomePageTest@edf4efb]" name="setup" is-config="true" duration-ms="5306" started-at="2023-01-31T20:46:16Z" finished-at="2023-01-31T20:46:21Z">
          <reporter-output>
          </reporter-output>
        </test-method> <!-- setup -->
        <test-method status="PASS" signature="validateNavigationItems()[pri:2, instance:test.HomePageTest@edf4efb]" name="validateNavigationItems" duration-ms="203" started-at="2023-01-31T20:46:21Z" description="Validate &#039;Book travel menu&#039; navigation items" finished-at="2023-01-31T20:46:21Z">
          <reporter-output>
          </reporter-output>
        </test-method> <!-- validateNavigationItems -->
        <test-method status="PASS" signature="setPage()[pri:0, instance:test.HomePageTest@edf4efb]" name="setPage" is-config="true" duration-ms="0" started-at="2023-01-31T20:46:21Z" finished-at="2023-01-31T20:46:21Z">
          <reporter-output>
          </reporter-output>
        </test-method> <!-- setPage -->
        <test-method status="PASS" signature="teardown()[pri:0, instance:test.HomePageTest@edf4efb]" name="teardown" is-config="true" duration-ms="752" started-at="2023-01-31T20:46:21Z" finished-at="2023-01-31T20:46:22Z">
          <reporter-output>
          </reporter-output>
        </test-method> <!-- teardown -->
        <test-method status="PASS" signature="setup()[pri:0, instance:test.HomePageTest@edf4efb]" name="setup" is-config="true" duration-ms="5265" started-at="2023-01-31T20:46:22Z" finished-at="2023-01-31T20:46:27Z">
          <reporter-output>
          </reporter-output>
        </test-method> <!-- setup -->
        <test-method status="PASS" signature="setPage()[pri:0, instance:test.HomePageTest@edf4efb]" name="setPage" is-config="true" duration-ms="2" started-at="2023-01-31T20:46:27Z" finished-at="2023-01-31T20:46:27Z">
          <reporter-output>
          </reporter-output>
        </test-method> <!-- setPage -->
        <test-method status="PASS" signature="validateRadioButtons()[pri:3, instance:test.HomePageTest@edf4efb]" name="validateRadioButtons" duration-ms="435" started-at="2023-01-31T20:46:27Z" description="Validate Radio Buttons" finished-at="2023-01-31T20:46:28Z">
          <reporter-output>
          </reporter-output>
        </test-method> <!-- validateRadioButtons -->
        <test-method status="PASS" signature="teardown()[pri:0, instance:test.HomePageTest@edf4efb]" name="teardown" is-config="true" duration-ms="777" started-at="2023-01-31T20:46:28Z" finished-at="2023-01-31T20:46:28Z">
          <reporter-output>
          </reporter-output>
        </test-method> <!-- teardown -->
        <test-method status="PASS" signature="setup()[pri:0, instance:test.HomePageTest@edf4efb]" name="setup" is-config="true" duration-ms="5810" started-at="2023-01-31T20:46:28Z" finished-at="2023-01-31T20:46:34Z">
          <reporter-output>
          </reporter-output>
        </test-method> <!-- setup -->
        <test-method status="PASS" signature="setPage()[pri:0, instance:test.HomePageTest@edf4efb]" name="setPage" is-config="true" duration-ms="1" started-at="2023-01-31T20:46:34Z" finished-at="2023-01-31T20:46:34Z">
          <reporter-output>
          </reporter-output>
        </test-method> <!-- setPage -->
        <test-method status="PASS" signature="validateCheckboxes()[pri:4, instance:test.HomePageTest@edf4efb]" name="validateCheckboxes" duration-ms="794" started-at="2023-01-31T20:46:34Z" description="Validate checkboxes" finished-at="2023-01-31T20:46:35Z">
          <reporter-output>
          </reporter-output>
        </test-method> <!-- validateCheckboxes -->
        <test-method status="PASS" signature="teardown()[pri:0, instance:test.HomePageTest@edf4efb]" name="teardown" is-config="true" duration-ms="724" started-at="2023-01-31T20:46:35Z" finished-at="2023-01-31T20:46:36Z">
          <reporter-output>
          </reporter-output>
        </test-method> <!-- teardown -->
        <test-method status="PASS" signature="setup()[pri:0, instance:test.HomePageTest@edf4efb]" name="setup" is-config="true" duration-ms="5803" started-at="2023-01-31T20:46:36Z" finished-at="2023-01-31T20:46:42Z">
          <reporter-output>
          </reporter-output>
        </test-method> <!-- setup -->
        <test-method status="PASS" signature="setPage()[pri:0, instance:test.HomePageTest@edf4efb]" name="setPage" is-config="true" duration-ms="0" started-at="2023-01-31T20:46:42Z" finished-at="2023-01-31T20:46:42Z">
          <reporter-output>
          </reporter-output>
        </test-method> <!-- setPage -->
        <test-method status="PASS" signature="validateOneWayTicketResults()[pri:5, instance:test.HomePageTest@edf4efb]" name="validateOneWayTicketResults" duration-ms="6285" started-at="2023-01-31T20:46:42Z" description="Validate One-way ticket search results &#039;from Chicago, IL, US (ORD) to Miami, FL, US (MIA)&#039;" finished-at="2023-01-31T20:46:48Z">
          <reporter-output>
          </reporter-output>
        </test-method> <!-- validateOneWayTicketResults -->
        <test-method status="PASS" signature="teardown()[pri:0, instance:test.HomePageTest@edf4efb]" name="teardown" is-config="true" duration-ms="1513" started-at="2023-01-31T20:46:48Z" finished-at="2023-01-31T20:46:49Z">
          <reporter-output>
          </reporter-output>
        </test-method> <!-- teardown -->
      </class> <!-- test.HomePageTest -->
    </test> <!-- All Functionalities -->
  </suite> <!-- Regression -->
</testng-results>
